# JRE version: OpenJDK Runtime Environment (15.0.1+9) (build 15.0.1+9-18)
# Java VM: OpenJDK 64-Bit Server VM (15.0.1+9-18, mixed mode, tiered, compressed oops, g1 gc, windows-amd64)
GC Precious Log:
 CPUs: 4 total, 4 available
 Memory: 14276M
 Large Page Support: Disabled
 NUMA Support: Disabled
 Compressed Oops: Enabled (Zero based)
 Heap Region Size: 2M
 Heap Min Capacity: 8M
 Heap Initial Capacity: 224M
 Heap Max Capacity: 3570M
 Pre-touch: Disabled
 Parallel Workers: 4
 Concurrent Workers: 1
 Concurrent Refinement Workers: 4
 Periodic GC: Disabled
Heap:
 garbage-first heap   total 61440K, used 20455K [0x0000000720e00000, 0x0000000800000000)
  region size 2048K, 7 young (14336K), 3 survivors (6144K)
 Metaspace       used 36451K, capacity 36901K, committed 37276K, reserved 1081344K
  class space    used 4587K, capacity 4751K, committed 4864K, reserved 1048576K
GC Heap History (16 events):
Event: 0.796 GC heap before
{Heap before GC invocations=0 (full 0):
 garbage-first heap   total 229376K, used 12288K [0x0000000720e00000, 0x0000000800000000)
  region size 2048K, 6 young (12288K), 0 survivors (0K)
 Metaspace       used 12309K, capacity 12491K, committed 12672K, reserved 1060864K
  class space    used 1233K, capacity 1287K, committed 1408K, reserved 1048576K
}
Event: 0.802 GC heap after
{Heap after GC invocations=1 (full 0):
 garbage-first heap   total 229376K, used 5683K [0x0000000720e00000, 0x0000000800000000)
  region size 2048K, 1 young (2048K), 1 survivors (2048K)
 Metaspace       used 12309K, capacity 12491K, committed 12672K, reserved 1060864K
  class space    used 1233K, capacity 1287K, committed 1408K, reserved 1048576K
}
Event: 1.005 GC heap before
{Heap before GC invocations=1 (full 0):
 garbage-first heap   total 229376K, used 13875K [0x0000000720e00000, 0x0000000800000000)
  region size 2048K, 5 young (10240K), 1 survivors (2048K)
 Metaspace       used 14959K, capacity 15189K, committed 15488K, reserved 1062912K
  class space    used 1537K, capacity 1586K, committed 1664K, reserved 1048576K
}
Event: 1.009 GC heap after
{Heap after GC invocations=2 (full 0):
 garbage-first heap   total 229376K, used 6959K [0x0000000720e00000, 0x0000000800000000)
  region size 2048K, 1 young (2048K), 1 survivors (2048K)
 Metaspace       used 14959K, capacity 15189K, committed 15488K, reserved 1062912K
  class space    used 1537K, capacity 1586K, committed 1664K, reserved 1048576K
}
Event: 1.110 GC heap before
{Heap before GC invocations=2 (full 0):
 garbage-first heap   total 229376K, used 25391K [0x0000000720e00000, 0x0000000800000000)
  region size 2048K, 11 young (22528K), 1 survivors (2048K)
 Metaspace       used 16032K, capacity 16278K, committed 16384K, reserved 1064960K
  class space    used 1679K, capacity 1744K, committed 1792K, reserved 1048576K
}
Event: 1.112 GC heap after
{Heap after GC invocations=3 (full 0):
 garbage-first heap   total 229376K, used 7327K [0x0000000720e00000, 0x0000000800000000)
  region size 2048K, 1 young (2048K), 1 survivors (2048K)
 Metaspace       used 16032K, capacity 16278K, committed 16384K, reserved 1064960K
  class space    used 1679K, capacity 1744K, committed 1792K, reserved 1048576K
}
Event: 1.584 GC heap before
{Heap before GC invocations=3 (full 0):
 garbage-first heap   total 229376K, used 50335K [0x0000000720e00000, 0x0000000800000000)
  region size 2048K, 24 young (49152K), 1 survivors (2048K)
 Metaspace       used 20947K, capacity 21221K, committed 21296K, reserved 1069056K
  class space    used 2347K, capacity 2430K, committed 2432K, reserved 1048576K
}
Event: 1.588 GC heap after
{Heap after GC invocations=4 (full 0):
 garbage-first heap   total 229376K, used 8778K [0x0000000720e00000, 0x0000000800000000)
  region size 2048K, 2 young (4096K), 2 survivors (4096K)
 Metaspace       used 20947K, capacity 21221K, committed 21296K, reserved 1069056K
  class space    used 2347K, capacity 2430K, committed 2432K, reserved 1048576K
}
Event: 2.012 GC heap before
{Heap before GC invocations=5 (full 0):
 garbage-first heap   total 40960K, used 37450K [0x0000000720e00000, 0x0000000800000000)
  region size 2048K, 17 young (34816K), 2 survivors (4096K)
 Metaspace       used 26063K, capacity 26390K, committed 26624K, reserved 1073152K
  class space    used 3157K, capacity 3250K, committed 3328K, reserved 1048576K
}
Event: 2.019 GC heap after
{Heap after GC invocations=6 (full 0):
 garbage-first heap   total 47104K, used 10350K [0x0000000720e00000, 0x0000000800000000)
  region size 2048K, 3 young (6144K), 3 survivors (6144K)
 Metaspace       used 26063K, capacity 26390K, committed 26624K, reserved 1073152K
  class space    used 3157K, capacity 3250K, committed 3328K, reserved 1048576K
}
Event: 2.025 GC heap before
{Heap before GC invocations=6 (full 0):
 garbage-first heap   total 47104K, used 26734K [0x0000000720e00000, 0x0000000800000000)
  region size 2048K, 12 young (24576K), 3 survivors (6144K)
 Metaspace       used 26132K, capacity 26486K, committed 26624K, reserved 1073152K
  class space    used 3167K, capacity 3282K, committed 3328K, reserved 1048576K
}
Event: 2.030 GC heap after
{Heap after GC invocations=7 (full 0):
 garbage-first heap   total 139264K, used 10701K [0x0000000720e00000, 0x0000000800000000)
  region size 2048K, 2 young (4096K), 2 survivors (4096K)
 Metaspace       used 26132K, capacity 26486K, committed 26624K, reserved 1073152K
  class space    used 3167K, capacity 3282K, committed 3328K, reserved 1048576K
}
Event: 3.205 GC heap before
{Heap before GC invocations=7 (full 0):
 garbage-first heap   total 139264K, used 86477K [0x0000000720e00000, 0x0000000800000000)
  region size 2048K, 40 young (81920K), 2 survivors (4096K)
 Metaspace       used 34749K, capacity 35210K, committed 35456K, reserved 1081344K
  class space    used 4285K, capacity 4423K, committed 4480K, reserved 1048576K
}
Event: 3.213 GC heap after
{Heap after GC invocations=8 (full 0):
 garbage-first heap   total 139264K, used 13609K [0x0000000720e00000, 0x0000000800000000)
  region size 2048K, 3 young (6144K), 3 survivors (6144K)
 Metaspace       used 34749K, capacity 35210K, committed 35456K, reserved 1081344K
  class space    used 4285K, capacity 4423K, committed 4480K, reserved 1048576K
}
Event: 3.325 GC heap before
{Heap before GC invocations=8 (full 0):
 garbage-first heap   total 139264K, used 17705K [0x0000000720e00000, 0x0000000800000000)
  region size 2048K, 6 young (12288K), 3 survivors (6144K)
 Metaspace       used 35483K, capacity 35958K, committed 36048K, reserved 1081344K
  class space    used 4423K, capacity 4586K, committed 4608K, reserved 1048576K
}
Event: 3.331 GC heap after
{Heap after GC invocations=9 (full 0):
 garbage-first heap   total 139264K, used 14311K [0x0000000720e00000, 0x0000000800000000)
  region size 2048K, 3 young (6144K), 3 survivors (6144K)
 Metaspace       used 35483K, capacity 35958K, committed 36048K, reserved 1081344K
  class space    used 4423K, capacity 4586K, committed 4608K, reserved 1048576K
}

